<?xml version="1.0" encoding="UTF-8"?>
<!-- Generated by org.testng.reporters.JUnitXMLReporter -->
<testsuite ignored="2" hostname="Pragati" failures="0" tests="6" name="TestRunner-1" time="162.077" errors="0" timestamp="2025-01-22T18:48:19 IST">
  <testcase classname="com.crm.orgtest.CreateOrganizationTest" name="createContactWithIndustry" time="19.155"/>
  <testcase classname="com.crm.orgtest.CreateOrganizationTest" name="createOrgWithPhoneNumber" time="14.565"/>
  <testcase classname="com.crm.orgtest.CreateOrganizationTest" name="createOrganizationTest" time="15.278"/>
  <testcase classname="com.org.contacttest.CreateContactTest" name="createContactTest" time="14.095"/>
  <testcase classname="com.org.contacttest.CreateContactTest" name="createContactWithOrgTest" time="35.756"/>
  <testcase classname="com.org.contacttest.CreateContactTest" name="createContactWithSupportdate" time="16.318"/>
  <testcase classname="com.comcast.crm.baseTest.BaseClass" name="@AfterSuite configAfterSuite" time="0.0">
    <ignored/>
  </testcase> <!-- @AfterSuite configAfterSuite -->
  <testcase classname="com.comcast.crm.baseTest.BaseClass" name="@BeforeSuite configBeforesuite" time="0.0">
    <ignored/>
  </testcase> <!-- @BeforeSuite configBeforesuite -->
</testsuite> <!-- TestRunner-1 -->
