<?xml version="1.0" encoding="UTF-8"?>
<!-- Generated by org.testng.reporters.JUnitXMLReporter -->
<testsuite ignored="2" hostname="Pragati" failures="0" tests="6" name="TestRunner-2" time="158.811" errors="0" timestamp="2025-01-22T18:48:15 IST">
  <testcase classname="com.crm.orgtest.CreateOrganizationTest" name="createContactWithIndustry" time="19.19"/>
  <testcase classname="com.crm.orgtest.CreateOrganizationTest" name="createOrgWithPhoneNumber" time="13.64"/>
  <testcase classname="com.crm.orgtest.CreateOrganizationTest" name="createOrganizationTest" time="16.022"/>
  <testcase classname="com.org.contacttest.CreateContactTest" name="createContactTest" time="15.423"/>
  <testcase classname="com.org.contacttest.CreateContactTest" name="createContactWithOrgTest" time="34.031"/>
  <testcase classname="com.org.contacttest.CreateContactTest" name="createContactWithSupportdate" time="17.47"/>
  <testcase classname="com.comcast.crm.baseTest.BaseClass" name="@AfterSuite configAfterSuite" time="0.0">
    <ignored/>
  </testcase> <!-- @AfterSuite configAfterSuite -->
  <testcase classname="com.comcast.crm.baseTest.BaseClass" name="@BeforeSuite configBeforesuite" time="0.0">
    <ignored/>
  </testcase> <!-- @BeforeSuite configBeforesuite -->
</testsuite> <!-- TestRunner-2 -->
