<?xml version="1.0" encoding="UTF-8"?>
<!-- Generated by org.testng.reporters.JUnitXMLReporter -->
<testsuite ignored="2" hostname="Pragati" failures="0" tests="1" name="Default test" time="32.584" errors="0" timestamp="2025-01-28T17:25:12 IST">
  <testcase classname="com.crm.orgtest.CreateOrganizationTest" name="createOrganizationTest" time="14.083"/>
  <testcase classname="com.crm.orgtest.CreateOrganizationTest" name="createOrgWithPhoneNumber" time="0.0">
    <ignored/>
  </testcase> <!-- createOrgWithPhoneNumber -->
  <testcase classname="com.crm.orgtest.CreateOrganizationTest" name="createContactWithIndustry" time="0.0">
    <ignored/>
  </testcase> <!-- createContactWithIndustry -->
</testsuite> <!-- Default test -->
